<?xml version="1.0" encoding="UTF-8"?>
<testsuite name="com.builders.admin.AdminEntryPointTest" tests="1" skipped="0" failures="0" errors="0" timestamp="2022-12-05T12:37:04" hostname="EPUAKHAW0673" time="0.009">
  <properties/>
  <testcase name="testHello" classname="com.builders.admin.AdminEntryPointTest" time="0.009"/>
  <system-out><![CDATA[]]></system-out>
  <system-err><![CDATA[]]></system-err>
</testsuite>
