<?xml version="1.0" encoding="UTF-8"?>
<testsuite name="com.builders.services.BuilderServiceTest" tests="1" skipped="0" failures="0" errors="0" timestamp="2022-12-05T12:34:30" hostname="EPUAKHAW0673" time="0.011">
  <properties/>
  <testcase name="testHello" classname="com.builders.services.BuilderServiceTest" time="0.011"/>
  <system-out><![CDATA[]]></system-out>
  <system-err><![CDATA[]]></system-err>
</testsuite>
