<?xml version="1.0" encoding="UTF-8"?>
<testsuite name="com.builders.web.HelloServletTest" tests="1" skipped="0" failures="0" errors="0" timestamp="2022-12-20T07:52:47" hostname="EPUAKHAW0673" time="0.005">
  <properties/>
  <testcase name="testHello" classname="com.builders.web.HelloServletTest" time="0.005"/>
  <system-out><![CDATA[]]></system-out>
  <system-err><![CDATA[]]></system-err>
</testsuite>
